{
  "stats": {
    "suites": 1,
    "tests": 1,
    "passes": 0,
    "pending": 2,
    "failures": -1,
    "start": "2025-05-31T00:37:42.010Z",
    "end": "2025-05-31T00:37:42.192Z",
    "duration": 182,
    "testsRegistered": 2,
    "passPercent": null,
    "pendingPercent": 100,
    "other": 1,
    "hasOther": true,
    "skipped": 0,
    "hasSkipped": false
  },
  "results": [
    {
      "uuid": "9641c70e-b5bb-4c8a-82a4-b4dddbff0d36",
      "title": "",
      "fullFile": "cypress\\e2e\\examples\\BDD\\ecommerce.feature",
      "file": "cypress\\e2e\\examples\\BDD\\ecommerce.feature",
      "beforeHooks": [],
      "afterHooks": [],
      "tests": [],
      "suites": [
        {
          "uuid": "82625b07-413d-40b5-9472-511989d17025",
          "title": "End-to-End Testing for E-commerce Application",
          "fullFile": "",
          "file": "",
          "beforeHooks": [],
          "afterHooks": [],
          "tests": [
            {
              "title": "Ecommerce Product Delivery",
              "fullTitle": "End-to-End Testing for E-commerce Application Ecommerce Product Delivery",
              "timedOut": null,
              "duration": 0,
              "state": "pending",
              "speed": null,
              "pass": false,
              "fail": false,
              "pending": true,
              "context": null,
              "code": "",
              "err": {},
              "uuid": "79266209-5d31-437f-9b17-31b4cc2c95b6",
              "parentUUID": "82625b07-413d-40b5-9472-511989d17025",
              "isHook": false,
              "skipped": false
            },
            {
              "title": "Ecommerce Product Delivery Cucmber data driven",
              "fullTitle": "End-to-End Testing for E-commerce Application Ecommerce Product Delivery Cucmber data driven",
              "timedOut": null,
              "duration": 0,
              "state": "pending",
              "speed": null,
              "pass": false,
              "fail": false,
              "pending": true,
              "context": null,
              "code": "",
              "err": {},
              "uuid": "b9877236-c6ac-4747-b59c-a0f8851610dd",
              "parentUUID": "82625b07-413d-40b5-9472-511989d17025",
              "isHook": false,
              "skipped": false
            }
          ],
          "suites": [],
          "passes": [],
          "failures": [],
          "pending": [
            "79266209-5d31-437f-9b17-31b4cc2c95b6",
            "b9877236-c6ac-4747-b59c-a0f8851610dd"
          ],
          "skipped": [],
          "duration": 0,
          "root": false,
          "rootEmpty": false,
          "_timeout": 2000
        }
      ],
      "passes": [],
      "failures": [],
      "pending": [],
      "skipped": [],
      "duration": 0,
      "root": true,
      "rootEmpty": true,
      "_timeout": 2000
    }
  ],
  "meta": {
    "mocha": {
      "version": "7.2.0"
    },
    "mochawesome": {
      "options": {
        "quiet": false,
        "reportFilename": "mochawesome",
        "saveHtml": false,
        "saveJson": true,
        "consoleReporter": "spec",
        "useInlineDiffs": false,
        "code": true
      },
      "version": "7.1.3"
    },
    "marge": {
      "options": {
        "overwrite": false,
        "html": false,
        "json": true,
        "reportDir": "cypress\\reports\\html\\.jsons"
      },
      "version": "6.2.0"
    }
  }
}